<?xml version="1.0" encoding="UTF-8"?>
<coverage generated="1740315977885" clover="3.2.0">
  <project timestamp="1740315977885" name="All files">
    <metrics statements="85" coveredstatements="63" conditionals="89" coveredconditionals="63" methods="7" coveredmethods="3" elements="181" coveredelements="129" complexity="0" loc="85" ncloc="85" packages="2" files="2" classes="2"/>
    <package name="config">
      <metrics statements="1" coveredstatements="1" conditionals="0" coveredconditionals="0" methods="0" coveredmethods="0"/>
      <file name="defaults.ts" path="D:\OneDrive - Scaled It\Documents\Sprout Data Hub Codebase\autosql\src\config\defaults.ts">
        <metrics statements="1" coveredstatements="1" conditionals="0" coveredconditionals="0" methods="0" coveredmethods="0"/>
        <line num="1" count="1" type="stmt"/>
      </file>
    </package>
    <package name="helpers">
      <metrics statements="84" coveredstatements="62" conditionals="89" coveredconditionals="63" methods="7" coveredmethods="3"/>
      <file name="utilities.ts" path="D:\OneDrive - Scaled It\Documents\Sprout Data Hub Codebase\autosql\src\helpers\utilities.ts">
        <metrics statements="84" coveredstatements="62" conditionals="89" coveredconditionals="63" methods="7" coveredmethods="3"/>
        <line num="1" count="1" type="stmt"/>
        <line num="2" count="1" type="stmt"/>
        <line num="3" count="0" type="cond" truecount="0" falsecount="2"/>
        <line num="6" count="1" type="stmt"/>
        <line num="7" count="0" type="stmt"/>
        <line num="8" count="0" type="stmt"/>
        <line num="9" count="0" type="stmt"/>
        <line num="10" count="0" type="stmt"/>
        <line num="12" count="0" type="stmt"/>
        <line num="15" count="1" type="stmt"/>
        <line num="16" count="0" type="stmt"/>
        <line num="17" count="0" type="cond" truecount="0" falsecount="1"/>
        <line num="18" count="0" type="stmt"/>
        <line num="39" count="0" type="stmt"/>
        <line num="42" count="0" type="cond" truecount="0" falsecount="4"/>
        <line num="43" count="0" type="stmt"/>
        <line num="53" count="0" type="stmt"/>
        <line num="66" count="0" type="stmt"/>
        <line num="70" count="1" type="stmt"/>
        <line num="71" count="0" type="cond" truecount="0" falsecount="2"/>
        <line num="72" count="0" type="cond" truecount="0" falsecount="2"/>
        <line num="74" count="0" type="cond" truecount="0" falsecount="2"/>
        <line num="75" count="0" type="stmt"/>
        <line num="76" count="0" type="cond" truecount="0" falsecount="2"/>
        <line num="78" count="0" type="stmt"/>
        <line num="79" count="0" type="stmt"/>
        <line num="81" count="0" type="stmt"/>
        <line num="85" count="1" type="stmt"/>
        <line num="86" count="38" type="cond" truecount="5" falsecount="0"/>
        <line num="87" count="1" type="stmt"/>
        <line num="89" count="37" type="stmt"/>
        <line num="90" count="37" type="cond" truecount="3" falsecount="0"/>
        <line num="91" count="6" type="stmt"/>
        <line num="92" count="6" type="stmt"/>
        <line num="93" count="6" type="stmt"/>
        <line num="94" count="6" type="stmt"/>
        <line num="95" count="18" type="cond" truecount="2" falsecount="0"/>
        <line num="96" count="18" type="cond" truecount="2" falsecount="0"/>
        <line num="97" count="6" type="stmt"/>
        <line num="99" count="6" type="stmt"/>
        <line num="100" count="6" type="stmt"/>
        <line num="103" count="6" type="stmt"/>
        <line num="105" count="6" type="stmt"/>
        <line num="108" count="37" type="cond" truecount="3" falsecount="0"/>
        <line num="109" count="34" type="cond" truecount="2" falsecount="0"/>
        <line num="110" count="34" type="cond" truecount="2" falsecount="0"/>
        <line num="111" count="34" type="stmt"/>
        <line num="114" count="34" type="cond" truecount="1" falsecount="0"/>
        <line num="120" count="6" type="stmt"/>
        <line num="124" count="28" type="stmt"/>
        <line num="125" count="28" type="stmt"/>
        <line num="126" count="28" type="stmt"/>
        <line num="127" count="28" type="stmt"/>
        <line num="129" count="28" type="cond" truecount="11" falsecount="0"/>
        <line num="138" count="2" type="stmt"/>
        <line num="142" count="26" type="stmt"/>
        <line num="143" count="26" type="stmt"/>
        <line num="145" count="26" type="cond" truecount="2" falsecount="0"/>
        <line num="146" count="6" type="stmt"/>
        <line num="147" count="6" type="stmt"/>
        <line num="148" count="20" type="cond" truecount="4" falsecount="0"/>
        <line num="149" count="6" type="cond" truecount="2" falsecount="0"/>
        <line num="150" count="6" type="cond" truecount="2" falsecount="0"/>
        <line num="151" count="14" type="cond" truecount="2" falsecount="0"/>
        <line num="152" count="4" type="stmt"/>
        <line num="153" count="4" type="stmt"/>
        <line num="154" count="10" type="cond" truecount="2" falsecount="0"/>
        <line num="155" count="4" type="stmt"/>
        <line num="156" count="4" type="stmt"/>
        <line num="159" count="6" type="stmt"/>
        <line num="160" count="6" type="cond" truecount="2" falsecount="0"/>
        <line num="163" count="26" type="stmt"/>
        <line num="165" count="26" type="cond" truecount="0" falsecount="1"/>
        <line num="167" count="26" type="stmt"/>
        <line num="168" count="26" type="cond" truecount="2" falsecount="0"/>
        <line num="171" count="26" type="cond" truecount="1" falsecount="0"/>
        <line num="172" count="20" type="stmt"/>
        <line num="173" count="20" type="stmt"/>
        <line num="174" count="56" type="stmt"/>
        <line num="175" count="56" type="cond" truecount="2" falsecount="1"/>
        <line num="176" count="56" type="cond" truecount="3" falsecount="0"/>
        <line num="179" count="18" type="stmt"/>
        <line num="182" count="24" type="cond" truecount="2" falsecount="0"/>
        <line num="183" count="24" type="stmt"/>
      </file>
    </package>
  </project>
</coverage>
