<?xml version="1.0" encoding="UTF-8"?>
<coverage generated="1740318971405" clover="3.2.0">
  <project timestamp="1740318971405" name="All files">
    <metrics statements="88" coveredstatements="66" conditionals="95" coveredconditionals="68" methods="7" coveredmethods="3" elements="190" coveredelements="137" complexity="0" loc="88" ncloc="88" packages="2" files="2" classes="2"/>
    <package name="config">
      <metrics statements="1" coveredstatements="1" conditionals="0" coveredconditionals="0" methods="0" coveredmethods="0"/>
      <file name="defaults.ts" path="D:\OneDrive - Scaled It\Documents\Sprout Data Hub Codebase\autosql\src\config\defaults.ts">
        <metrics statements="1" coveredstatements="1" conditionals="0" coveredconditionals="0" methods="0" coveredmethods="0"/>
        <line num="1" count="1" type="stmt"/>
      </file>
    </package>
    <package name="helpers">
      <metrics statements="87" coveredstatements="65" conditionals="95" coveredconditionals="68" methods="7" coveredmethods="3"/>
      <file name="utilities.ts" path="D:\OneDrive - Scaled It\Documents\Sprout Data Hub Codebase\autosql\src\helpers\utilities.ts">
        <metrics statements="87" coveredstatements="65" conditionals="95" coveredconditionals="68" methods="7" coveredmethods="3"/>
        <line num="1" count="1" type="stmt"/>
        <line num="2" count="1" type="stmt"/>
        <line num="3" count="0" type="cond" truecount="0" falsecount="2"/>
        <line num="6" count="1" type="stmt"/>
        <line num="7" count="0" type="stmt"/>
        <line num="8" count="0" type="stmt"/>
        <line num="9" count="0" type="stmt"/>
        <line num="10" count="0" type="stmt"/>
        <line num="12" count="0" type="stmt"/>
        <line num="15" count="1" type="stmt"/>
        <line num="16" count="0" type="stmt"/>
        <line num="17" count="0" type="cond" truecount="0" falsecount="1"/>
        <line num="18" count="0" type="stmt"/>
        <line num="39" count="0" type="stmt"/>
        <line num="42" count="0" type="cond" truecount="0" falsecount="4"/>
        <line num="43" count="0" type="stmt"/>
        <line num="53" count="0" type="stmt"/>
        <line num="66" count="0" type="stmt"/>
        <line num="70" count="1" type="stmt"/>
        <line num="71" count="0" type="cond" truecount="0" falsecount="2"/>
        <line num="72" count="0" type="cond" truecount="0" falsecount="2"/>
        <line num="74" count="0" type="cond" truecount="0" falsecount="2"/>
        <line num="75" count="0" type="stmt"/>
        <line num="76" count="0" type="cond" truecount="0" falsecount="2"/>
        <line num="78" count="0" type="stmt"/>
        <line num="79" count="0" type="stmt"/>
        <line num="81" count="0" type="stmt"/>
        <line num="85" count="1" type="stmt"/>
        <line num="86" count="41" type="cond" truecount="5" falsecount="0"/>
        <line num="87" count="1" type="stmt"/>
        <line num="89" count="40" type="stmt"/>
        <line num="90" count="40" type="cond" truecount="3" falsecount="0"/>
        <line num="91" count="6" type="stmt"/>
        <line num="92" count="6" type="stmt"/>
        <line num="93" count="6" type="stmt"/>
        <line num="94" count="6" type="stmt"/>
        <line num="95" count="18" type="cond" truecount="2" falsecount="0"/>
        <line num="96" count="18" type="cond" truecount="2" falsecount="0"/>
        <line num="97" count="6" type="stmt"/>
        <line num="99" count="6" type="stmt"/>
        <line num="100" count="6" type="stmt"/>
        <line num="103" count="6" type="stmt"/>
        <line num="105" count="6" type="stmt"/>
        <line num="109" count="40" type="cond" truecount="2" falsecount="1"/>
        <line num="111" count="40" type="stmt"/>
        <line num="112" count="40" type="cond" truecount="1" falsecount="0"/>
        <line num="114" count="40" type="cond" truecount="3" falsecount="0"/>
        <line num="116" count="37" type="cond" truecount="2" falsecount="0"/>
        <line num="117" count="37" type="cond" truecount="2" falsecount="0"/>
        <line num="118" count="37" type="stmt"/>
        <line num="121" count="37" type="cond" truecount="1" falsecount="0"/>
        <line num="127" count="6" type="stmt"/>
        <line num="131" count="31" type="stmt"/>
        <line num="132" count="31" type="stmt"/>
        <line num="133" count="31" type="stmt"/>
        <line num="134" count="31" type="stmt"/>
        <line num="136" count="31" type="cond" truecount="11" falsecount="0"/>
        <line num="145" count="2" type="stmt"/>
        <line num="149" count="29" type="stmt"/>
        <line num="150" count="29" type="stmt"/>
        <line num="152" count="29" type="cond" truecount="2" falsecount="0"/>
        <line num="153" count="6" type="stmt"/>
        <line num="154" count="6" type="stmt"/>
        <line num="155" count="23" type="cond" truecount="4" falsecount="0"/>
        <line num="156" count="6" type="cond" truecount="2" falsecount="0"/>
        <line num="157" count="6" type="cond" truecount="2" falsecount="0"/>
        <line num="158" count="17" type="cond" truecount="2" falsecount="0"/>
        <line num="159" count="4" type="stmt"/>
        <line num="160" count="4" type="stmt"/>
        <line num="161" count="13" type="cond" truecount="2" falsecount="0"/>
        <line num="162" count="4" type="stmt"/>
        <line num="163" count="4" type="stmt"/>
        <line num="166" count="9" type="stmt"/>
        <line num="167" count="9" type="cond" truecount="2" falsecount="0"/>
        <line num="170" count="29" type="stmt"/>
        <line num="172" count="29" type="cond" truecount="0" falsecount="1"/>
        <line num="174" count="29" type="stmt"/>
        <line num="175" count="29" type="cond" truecount="2" falsecount="0"/>
        <line num="178" count="29" type="cond" truecount="1" falsecount="0"/>
        <line num="179" count="20" type="stmt"/>
        <line num="180" count="20" type="stmt"/>
        <line num="181" count="56" type="stmt"/>
        <line num="182" count="56" type="cond" truecount="2" falsecount="1"/>
        <line num="183" count="56" type="cond" truecount="3" falsecount="0"/>
        <line num="186" count="18" type="stmt"/>
        <line num="189" count="27" type="cond" truecount="4" falsecount="0"/>
        <line num="190" count="27" type="stmt"/>
      </file>
    </package>
  </project>
</coverage>
