{"D:\\OneDrive - Scaled It\\Documents\\Sprout Data Hub Codebase\\autosql\\src\\config\\defaults.ts": {"path":"D:\\OneDrive - Scaled It\\Documents\\Sprout Data Hub Codebase\\autosql\\src\\config\\defaults.ts","statementMap":{"0":{"start":{"line":1,"column":13},"end":{"line":34,"column":null}}},"fnMap":{},"branchMap":{},"s":{"0":1},"f":{},"b":{}}
,"D:\\OneDrive - Scaled It\\Documents\\Sprout Data Hub Codebase\\autosql\\src\\helpers\\utilities.ts": {"path":"D:\\OneDrive - Scaled It\\Documents\\Sprout Data Hub Codebase\\autosql\\src\\helpers\\utilities.ts","statementMap":{"0":{"start":{"line":2,"column":0},"end":{"line":2,"column":16}},"1":{"start":{"line":6,"column":0},"end":{"line":6,"column":16}},"2":{"start":{"line":15,"column":0},"end":{"line":15,"column":16}},"3":{"start":{"line":70,"column":0},"end":{"line":70,"column":16}},"4":{"start":{"line":85,"column":0},"end":{"line":85,"column":16}},"5":{"start":{"line":1,"column":0},"end":{"line":1,"column":46}},"6":{"start":{"line":3,"column":4},"end":{"line":3,"column":51}},"7":{"start":{"line":7,"column":21},"end":{"line":7,"column":31}},"8":{"start":{"line":8,"column":4},"end":{"line":11,"column":5}},"9":{"start":{"line":8,"column":17},"end":{"line":8,"column":36}},"10":{"start":{"line":9,"column":18},"end":{"line":9,"column":53}},"11":{"start":{"line":10,"column":8},"end":{"line":10,"column":64}},"12":{"start":{"line":12,"column":4},"end":{"line":12,"column":20}},"13":{"start":{"line":16,"column":4},"end":{"line":67,"column":5}},"14":{"start":{"line":17,"column":8},"end":{"line":26,"column":9}},"15":{"start":{"line":18,"column":12},"end":{"line":25,"column":14}},"16":{"start":{"line":39,"column":12},"end":{"line":39,"column":18}},"17":{"start":{"line":42,"column":8},"end":{"line":51,"column":9}},"18":{"start":{"line":43,"column":12},"end":{"line":50,"column":14}},"19":{"start":{"line":53,"column":8},"end":{"line":64,"column":10}},"20":{"start":{"line":66,"column":8},"end":{"line":66,"column":61}},"21":{"start":{"line":71,"column":4},"end":{"line":82,"column":5}},"22":{"start":{"line":72,"column":8},"end":{"line":72,"column":45}},"23":{"start":{"line":74,"column":27},"end":{"line":74,"column":91}},"24":{"start":{"line":75,"column":8},"end":{"line":75,"column":62}},"25":{"start":{"line":76,"column":8},"end":{"line":76,"column":92}},"26":{"start":{"line":78,"column":27},"end":{"line":78,"column":57}},"27":{"start":{"line":79,"column":8},"end":{"line":79,"column":81}},"28":{"start":{"line":81,"column":8},"end":{"line":81,"column":66}},"29":{"start":{"line":86,"column":4},"end":{"line":88,"column":5}},"30":{"start":{"line":87,"column":8},"end":{"line":87,"column":119}},"31":{"start":{"line":89,"column":30},"end":{"line":89,"column":35}},"32":{"start":{"line":90,"column":4},"end":{"line":106,"column":5}},"33":{"start":{"line":91,"column":37},"end":{"line":91,"column":58}},"34":{"start":{"line":92,"column":35},"end":{"line":92,"column":56}},"35":{"start":{"line":93,"column":30},"end":{"line":93,"column":56}},"36":{"start":{"line":94,"column":28},"end":{"line":94,"column":52}},"37":{"start":{"line":95,"column":32},"end":{"line":95,"column":115}},"38":{"start":{"line":95,"column":67},"end":{"line":95,"column":111}},"39":{"start":{"line":96,"column":30},"end":{"line":96,"column":111}},"40":{"start":{"line":96,"column":63},"end":{"line":96,"column":107}},"41":{"start":{"line":97,"column":8},"end":{"line":97,"column":null}},"42":{"start":{"line":99,"column":24},"end":{"line":99,"column":72}},"43":{"start":{"line":100,"column":8},"end":{"line":100,"column":69}},"44":{"start":{"line":103,"column":8},"end":{"line":103,"column":94}},"45":{"start":{"line":105,"column":8},"end":{"line":105,"column":26}},"46":{"start":{"line":109,"column":4},"end":{"line":109,"column":69}},"47":{"start":{"line":109,"column":57},"end":{"line":109,"column":69}},"48":{"start":{"line":111,"column":23},"end":{"line":111,"column":44}},"49":{"start":{"line":112,"column":4},"end":{"line":112,"column":43}},"50":{"start":{"line":112,"column":20},"end":{"line":112,"column":43}},"51":{"start":{"line":114,"column":4},"end":{"line":114,"column":55}},"52":{"start":{"line":114,"column":43},"end":{"line":114,"column":55}},"53":{"start":{"line":116,"column":21},"end":{"line":116,"column":54}},"54":{"start":{"line":117,"column":23},"end":{"line":117,"column":55}},"55":{"start":{"line":118,"column":4},"end":{"line":118,"column":36}},"56":{"start":{"line":121,"column":4},"end":{"line":128,"column":5}},"57":{"start":{"line":127,"column":8},"end":{"line":127,"column":20}},"58":{"start":{"line":131,"column":23},"end":{"line":131,"column":41}},"59":{"start":{"line":132,"column":22},"end":{"line":132,"column":44}},"60":{"start":{"line":133,"column":21},"end":{"line":133,"column":39}},"61":{"start":{"line":134,"column":20},"end":{"line":134,"column":42}},"62":{"start":{"line":136,"column":4},"end":{"line":146,"column":5}},"63":{"start":{"line":145,"column":8},"end":{"line":145,"column":20}},"64":{"start":{"line":149,"column":29},"end":{"line":149,"column":31}},"65":{"start":{"line":150,"column":27},"end":{"line":150,"column":29}},"66":{"start":{"line":152,"column":4},"end":{"line":168,"column":5}},"67":{"start":{"line":153,"column":8},"end":{"line":153,"column":null}},"68":{"start":{"line":154,"column":8},"end":{"line":154,"column":null}},"69":{"start":{"line":155,"column":11},"end":{"line":168,"column":5}},"70":{"start":{"line":156,"column":8},"end":{"line":156,"column":63}},"71":{"start":{"line":157,"column":8},"end":{"line":157,"column":66}},"72":{"start":{"line":158,"column":11},"end":{"line":168,"column":5}},"73":{"start":{"line":159,"column":8},"end":{"line":159,"column":33}},"74":{"start":{"line":160,"column":8},"end":{"line":160,"column":31}},"75":{"start":{"line":161,"column":11},"end":{"line":168,"column":5}},"76":{"start":{"line":162,"column":8},"end":{"line":162,"column":33}},"77":{"start":{"line":163,"column":8},"end":{"line":163,"column":31}},"78":{"start":{"line":166,"column":8},"end":{"line":166,"column":32}},"79":{"start":{"line":167,"column":8},"end":{"line":167,"column":54}},"80":{"start":{"line":170,"column":25},"end":{"line":170,"column":54}},"81":{"start":{"line":172,"column":4},"end":{"line":172,"column":45}},"82":{"start":{"line":172,"column":33},"end":{"line":172,"column":45}},"83":{"start":{"line":174,"column":21},"end":{"line":174,"column":36}},"84":{"start":{"line":175,"column":22},"end":{"line":175,"column":43}},"85":{"start":{"line":178,"column":4},"end":{"line":187,"column":5}},"86":{"start":{"line":179,"column":31},"end":{"line":179,"column":67}},"87":{"start":{"line":180,"column":8},"end":{"line":184,"column":9}},"88":{"start":{"line":180,"column":21},"end":{"line":180,"column":22}},"89":{"start":{"line":181,"column":25},"end":{"line":181,"column":42}},"90":{"start":{"line":182,"column":12},"end":{"line":182,"column":56}},"91":{"start":{"line":182,"column":44},"end":{"line":182,"column":56}},"92":{"start":{"line":183,"column":12},"end":{"line":183,"column":56}},"93":{"start":{"line":183,"column":44},"end":{"line":183,"column":56}},"94":{"start":{"line":186,"column":8},"end":{"line":186,"column":45}},"95":{"start":{"line":189,"column":23},"end":{"line":189,"column":101}},"96":{"start":{"line":190,"column":4},"end":{"line":190,"column":22}}},"fnMap":{"0":{"name":"isObject","decl":{"start":{"line":2,"column":16},"end":{"line":2,"column":24}},"loc":{"start":{"line":2,"column":33},"end":{"line":4,"column":1}}},"1":{"name":"shuffleArray","decl":{"start":{"line":6,"column":16},"end":{"line":6,"column":28}},"loc":{"start":{"line":6,"column":42},"end":{"line":13,"column":1}}},"2":{"name":"validateConfig","decl":{"start":{"line":15,"column":16},"end":{"line":15,"column":30}},"loc":{"start":{"line":15,"column":61},"end":{"line":68,"column":1}}},"3":{"name":"calculateColumnLength","decl":{"start":{"line":70,"column":16},"end":{"line":70,"column":37}},"loc":{"start":{"line":70,"column":89},"end":{"line":83,"column":1}}},"4":{"name":"normalizeNumber","decl":{"start":{"line":85,"column":16},"end":{"line":85,"column":31}},"loc":{"start":{"line":85,"column":117},"end":{"line":191,"column":1}}},"5":{"name":"(anonymous_5)","decl":{"start":{"line":95,"column":60},"end":{"line":95,"column":63}},"loc":{"start":{"line":95,"column":67},"end":{"line":95,"column":111}}},"6":{"name":"(anonymous_6)","decl":{"start":{"line":96,"column":56},"end":{"line":96,"column":59}},"loc":{"start":{"line":96,"column":63},"end":{"line":96,"column":107}}}},"branchMap":{"0":{"loc":{"start":{"line":3,"column":11},"end":{"line":3,"column":50}},"type":"binary-expr","locations":[{"start":{"line":3,"column":11},"end":{"line":3,"column":23}},{"start":{"line":3,"column":27},"end":{"line":3,"column":50}}]},"1":{"loc":{"start":{"line":17,"column":8},"end":{"line":26,"column":9}},"type":"if","locations":[{"start":{"line":17,"column":8},"end":{"line":26,"column":9}}]},"2":{"loc":{"start":{"line":30,"column":12},"end":{"line":30,"column":52}},"type":"default-arg","locations":[{"start":{"line":30,"column":29},"end":{"line":30,"column":52}}]},"3":{"loc":{"start":{"line":31,"column":12},"end":{"line":31,"column":66}},"type":"default-arg","locations":[{"start":{"line":31,"column":36},"end":{"line":31,"column":66}}]},"4":{"loc":{"start":{"line":32,"column":12},"end":{"line":32,"column":62}},"type":"default-arg","locations":[{"start":{"line":32,"column":34},"end":{"line":32,"column":62}}]},"5":{"loc":{"start":{"line":33,"column":12},"end":{"line":33,"column":50}},"type":"default-arg","locations":[{"start":{"line":33,"column":28},"end":{"line":33,"column":50}}]},"6":{"loc":{"start":{"line":34,"column":12},"end":{"line":34,"column":38}},"type":"default-arg","locations":[{"start":{"line":34,"column":22},"end":{"line":34,"column":38}}]},"7":{"loc":{"start":{"line":35,"column":12},"end":{"line":35,"column":50}},"type":"default-arg","locations":[{"start":{"line":35,"column":28},"end":{"line":35,"column":50}}]},"8":{"loc":{"start":{"line":36,"column":12},"end":{"line":36,"column":38}},"type":"default-arg","locations":[{"start":{"line":36,"column":22},"end":{"line":36,"column":38}}]},"9":{"loc":{"start":{"line":37,"column":12},"end":{"line":37,"column":40}},"type":"default-arg","locations":[{"start":{"line":37,"column":23},"end":{"line":37,"column":40}}]},"10":{"loc":{"start":{"line":38,"column":12},"end":{"line":38,"column":56}},"type":"default-arg","locations":[{"start":{"line":38,"column":31},"end":{"line":38,"column":56}}]},"11":{"loc":{"start":{"line":42,"column":8},"end":{"line":51,"column":9}},"type":"if","locations":[{"start":{"line":42,"column":8},"end":{"line":51,"column":9}}]},"12":{"loc":{"start":{"line":42,"column":12},"end":{"line":42,"column":84}},"type":"binary-expr","locations":[{"start":{"line":42,"column":12},"end":{"line":42,"column":19}},{"start":{"line":42,"column":23},"end":{"line":42,"column":30}},{"start":{"line":42,"column":34},"end":{"line":42,"column":84}}]},"13":{"loc":{"start":{"line":71,"column":4},"end":{"line":82,"column":5}},"type":"if","locations":[{"start":{"line":71,"column":4},"end":{"line":82,"column":5}},{"start":{"line":80,"column":11},"end":{"line":82,"column":5}}]},"14":{"loc":{"start":{"line":72,"column":25},"end":{"line":72,"column":44}},"type":"binary-expr","locations":[{"start":{"line":72,"column":25},"end":{"line":72,"column":39}},{"start":{"line":72,"column":43},"end":{"line":72,"column":44}}]},"15":{"loc":{"start":{"line":74,"column":27},"end":{"line":74,"column":91}},"type":"cond-expr","locations":[{"start":{"line":74,"column":53},"end":{"line":74,"column":87}},{"start":{"line":74,"column":90},"end":{"line":74,"column":91}}]},"16":{"loc":{"start":{"line":76,"column":50},"end":{"line":76,"column":90}},"type":"binary-expr","locations":[{"start":{"line":76,"column":50},"end":{"line":76,"column":84}},{"start":{"line":76,"column":88},"end":{"line":76,"column":90}}]},"17":{"loc":{"start":{"line":86,"column":4},"end":{"line":88,"column":5}},"type":"if","locations":[{"start":{"line":86,"column":4},"end":{"line":88,"column":5}}]},"18":{"loc":{"start":{"line":86,"column":8},"end":{"line":86,"column":126}},"type":"binary-expr","locations":[{"start":{"line":86,"column":9},"end":{"line":86,"column":35}},{"start":{"line":86,"column":39},"end":{"line":86,"column":64}},{"start":{"line":86,"column":70},"end":{"line":86,"column":97}},{"start":{"line":86,"column":101},"end":{"line":86,"column":125}}]},"19":{"loc":{"start":{"line":90,"column":4},"end":{"line":106,"column":5}},"type":"if","locations":[{"start":{"line":90,"column":4},"end":{"line":106,"column":5}}]},"20":{"loc":{"start":{"line":90,"column":7},"end":{"line":90,"column":61}},"type":"binary-expr","locations":[{"start":{"line":90,"column":7},"end":{"line":90,"column":33}},{"start":{"line":90,"column":37},"end":{"line":90,"column":61}}]},"21":{"loc":{"start":{"line":95,"column":67},"end":{"line":95,"column":111}},"type":"binary-expr","locations":[{"start":{"line":95,"column":67},"end":{"line":95,"column":88}},{"start":{"line":95,"column":92},"end":{"line":95,"column":111}}]},"22":{"loc":{"start":{"line":96,"column":63},"end":{"line":96,"column":107}},"type":"binary-expr","locations":[{"start":{"line":96,"column":63},"end":{"line":96,"column":84}},{"start":{"line":96,"column":88},"end":{"line":96,"column":107}}]},"23":{"loc":{"start":{"line":109,"column":4},"end":{"line":109,"column":69}},"type":"if","locations":[{"start":{"line":109,"column":4},"end":{"line":109,"column":69}}]},"24":{"loc":{"start":{"line":109,"column":8},"end":{"line":109,"column":55}},"type":"binary-expr","locations":[{"start":{"line":109,"column":8},"end":{"line":109,"column":27}},{"start":{"line":109,"column":31},"end":{"line":109,"column":55}}]},"25":{"loc":{"start":{"line":112,"column":4},"end":{"line":112,"column":43}},"type":"if","locations":[{"start":{"line":112,"column":4},"end":{"line":112,"column":43}}]},"26":{"loc":{"start":{"line":114,"column":4},"end":{"line":114,"column":55}},"type":"if","locations":[{"start":{"line":114,"column":4},"end":{"line":114,"column":55}}]},"27":{"loc":{"start":{"line":114,"column":8},"end":{"line":114,"column":41}},"type":"binary-expr","locations":[{"start":{"line":114,"column":8},"end":{"line":114,"column":14}},{"start":{"line":114,"column":18},"end":{"line":114,"column":41}}]},"28":{"loc":{"start":{"line":116,"column":22},"end":{"line":116,"column":46}},"type":"binary-expr","locations":[{"start":{"line":116,"column":22},"end":{"line":116,"column":40}},{"start":{"line":116,"column":44},"end":{"line":116,"column":46}}]},"29":{"loc":{"start":{"line":117,"column":24},"end":{"line":117,"column":47}},"type":"binary-expr","locations":[{"start":{"line":117,"column":24},"end":{"line":117,"column":41}},{"start":{"line":117,"column":45},"end":{"line":117,"column":47}}]},"30":{"loc":{"start":{"line":121,"column":4},"end":{"line":128,"column":5}},"type":"if","locations":[{"start":{"line":121,"column":4},"end":{"line":128,"column":5}}]},"31":{"loc":{"start":{"line":122,"column":8},"end":{"line":125,"column":34}},"type":"binary-expr","locations":[{"start":{"line":122,"column":8},"end":{"line":122,"column":25}},{"start":{"line":123,"column":9},"end":{"line":123,"column":21}},{"start":{"line":123,"column":25},"end":{"line":123,"column":39}},{"start":{"line":124,"column":8},"end":{"line":124,"column":28}},{"start":{"line":124,"column":32},"end":{"line":124,"column":52}},{"start":{"line":125,"column":8},"end":{"line":125,"column":34}}]},"32":{"loc":{"start":{"line":136,"column":4},"end":{"line":146,"column":5}},"type":"if","locations":[{"start":{"line":136,"column":4},"end":{"line":146,"column":5}}]},"33":{"loc":{"start":{"line":136,"column":8},"end":{"line":142,"column":null}},"type":"binary-expr","locations":[{"start":{"line":136,"column":8},"end":{"line":136,"column":25}},{"start":{"line":136,"column":29},"end":{"line":136,"column":44}},{"start":{"line":138,"column":13},"end":{"line":138,"column":34}},{"start":{"line":138,"column":38},"end":{"line":138,"column":50}},{"start":{"line":139,"column":13},"end":{"line":139,"column":34}},{"start":{"line":139,"column":38},"end":{"line":139,"column":52}},{"start":{"line":140,"column":13},"end":{"line":140,"column":34}},{"start":{"line":140,"column":38},"end":{"line":140,"column":58}},{"start":{"line":141,"column":13},"end":{"line":141,"column":34}},{"start":{"line":141,"column":38},"end":{"line":141,"column":58}}]},"34":{"loc":{"start":{"line":152,"column":4},"end":{"line":168,"column":5}},"type":"if","locations":[{"start":{"line":152,"column":4},"end":{"line":168,"column":5}},{"start":{"line":155,"column":11},"end":{"line":168,"column":5}}]},"35":{"loc":{"start":{"line":155,"column":11},"end":{"line":168,"column":5}},"type":"if","locations":[{"start":{"line":155,"column":11},"end":{"line":168,"column":5}},{"start":{"line":158,"column":11},"end":{"line":168,"column":5}}]},"36":{"loc":{"start":{"line":155,"column":15},"end":{"line":155,"column":49}},"type":"binary-expr","locations":[{"start":{"line":155,"column":15},"end":{"line":155,"column":29}},{"start":{"line":155,"column":33},"end":{"line":155,"column":49}}]},"37":{"loc":{"start":{"line":156,"column":29},"end":{"line":156,"column":62}},"type":"cond-expr","locations":[{"start":{"line":156,"column":53},"end":{"line":156,"column":56}},{"start":{"line":156,"column":59},"end":{"line":156,"column":62}}]},"38":{"loc":{"start":{"line":157,"column":27},"end":{"line":157,"column":65}},"type":"cond-expr","locations":[{"start":{"line":157,"column":56},"end":{"line":157,"column":59}},{"start":{"line":157,"column":62},"end":{"line":157,"column":65}}]},"39":{"loc":{"start":{"line":158,"column":11},"end":{"line":168,"column":5}},"type":"if","locations":[{"start":{"line":158,"column":11},"end":{"line":168,"column":5}},{"start":{"line":161,"column":11},"end":{"line":168,"column":5}}]},"40":{"loc":{"start":{"line":161,"column":11},"end":{"line":168,"column":5}},"type":"if","locations":[{"start":{"line":161,"column":11},"end":{"line":168,"column":5}},{"start":{"line":164,"column":11},"end":{"line":168,"column":5}}]},"41":{"loc":{"start":{"line":167,"column":27},"end":{"line":167,"column":53}},"type":"cond-expr","locations":[{"start":{"line":167,"column":44},"end":{"line":167,"column":47}},{"start":{"line":167,"column":50},"end":{"line":167,"column":53}}]},"42":{"loc":{"start":{"line":172,"column":4},"end":{"line":172,"column":45}},"type":"if","locations":[{"start":{"line":172,"column":4},"end":{"line":172,"column":45}}]},"43":{"loc":{"start":{"line":175,"column":22},"end":{"line":175,"column":43}},"type":"binary-expr","locations":[{"start":{"line":175,"column":22},"end":{"line":175,"column":37}},{"start":{"line":175,"column":41},"end":{"line":175,"column":43}}]},"44":{"loc":{"start":{"line":178,"column":4},"end":{"line":187,"column":5}},"type":"if","locations":[{"start":{"line":178,"column":4},"end":{"line":187,"column":5}}]},"45":{"loc":{"start":{"line":182,"column":12},"end":{"line":182,"column":56}},"type":"if","locations":[{"start":{"line":182,"column":12},"end":{"line":182,"column":56}}]},"46":{"loc":{"start":{"line":182,"column":16},"end":{"line":182,"column":42}},"type":"binary-expr","locations":[{"start":{"line":182,"column":16},"end":{"line":182,"column":23}},{"start":{"line":182,"column":27},"end":{"line":182,"column":42}}]},"47":{"loc":{"start":{"line":183,"column":12},"end":{"line":183,"column":56}},"type":"if","locations":[{"start":{"line":183,"column":12},"end":{"line":183,"column":56}}]},"48":{"loc":{"start":{"line":183,"column":16},"end":{"line":183,"column":42}},"type":"binary-expr","locations":[{"start":{"line":183,"column":16},"end":{"line":183,"column":21}},{"start":{"line":183,"column":25},"end":{"line":183,"column":42}}]},"49":{"loc":{"start":{"line":189,"column":26},"end":{"line":189,"column":47}},"type":"cond-expr","locations":[{"start":{"line":189,"column":39},"end":{"line":189,"column":42}},{"start":{"line":189,"column":45},"end":{"line":189,"column":47}}]},"50":{"loc":{"start":{"line":189,"column":63},"end":{"line":189,"column":99}},"type":"cond-expr","locations":[{"start":{"line":189,"column":77},"end":{"line":189,"column":94}},{"start":{"line":189,"column":97},"end":{"line":189,"column":99}}]}},"s":{"0":1,"1":1,"2":1,"3":1,"4":1,"5":1,"6":0,"7":0,"8":0,"9":0,"10":0,"11":0,"12":0,"13":0,"14":0,"15":0,"16":0,"17":0,"18":0,"19":0,"20":0,"21":0,"22":0,"23":0,"24":0,"25":0,"26":0,"27":0,"28":0,"29":41,"30":1,"31":40,"32":40,"33":6,"34":6,"35":6,"36":6,"37":6,"38":18,"39":6,"40":18,"41":6,"42":6,"43":6,"44":6,"45":6,"46":40,"47":0,"48":40,"49":40,"50":2,"51":40,"52":3,"53":37,"54":37,"55":37,"56":37,"57":6,"58":31,"59":31,"60":31,"61":31,"62":31,"63":2,"64":29,"65":29,"66":29,"67":6,"68":6,"69":23,"70":6,"71":6,"72":17,"73":4,"74":4,"75":13,"76":4,"77":4,"78":9,"79":9,"80":29,"81":29,"82":0,"83":29,"84":29,"85":29,"86":20,"87":20,"88":20,"89":56,"90":56,"91":0,"92":56,"93":2,"94":18,"95":27,"96":27},"f":{"0":0,"1":0,"2":0,"3":0,"4":41,"5":18,"6":18},"b":{"0":[0,0],"1":[0],"2":[0],"3":[0],"4":[0],"5":[0],"6":[0],"7":[0],"8":[0],"9":[0],"10":[0],"11":[0],"12":[0,0,0],"13":[0,0],"14":[0,0],"15":[0,0],"16":[0,0],"17":[1],"18":[41,7,40,34],"19":[6],"20":[40,6],"21":[18,16],"22":[18,17],"23":[0],"24":[40,2],"25":[2],"26":[3],"27":[40,39],"28":[37,12],"29":[37,13],"30":[6],"31":[37,35,8,35,35,35],"32":[2],"33":[31,21,15,9,14,6,14,8,14,6],"34":[6,23],"35":[6,17],"36":[23,12],"37":[3,3],"38":[3,3],"39":[4,13],"40":[4,9],"41":[4,5],"42":[0],"43":[29,9],"44":[20],"45":[0],"46":[56,20],"47":[2],"48":[56,36],"49":[2,25],"50":[18,9]}}
}
