{"D:\\OneDrive - Scaled It\\Documents\\Sprout Data Hub Codebase\\autosql\\src\\config\\defaults.ts": {"path":"D:\\OneDrive - Scaled It\\Documents\\Sprout Data Hub Codebase\\autosql\\src\\config\\defaults.ts","statementMap":{"0":{"start":{"line":1,"column":13},"end":{"line":34,"column":null}}},"fnMap":{},"branchMap":{},"s":{"0":1},"f":{},"b":{}}
,"D:\\OneDrive - Scaled It\\Documents\\Sprout Data Hub Codebase\\autosql\\src\\helpers\\utilities.ts": {"path":"D:\\OneDrive - Scaled It\\Documents\\Sprout Data Hub Codebase\\autosql\\src\\helpers\\utilities.ts","statementMap":{"0":{"start":{"line":2,"column":0},"end":{"line":2,"column":16}},"1":{"start":{"line":6,"column":0},"end":{"line":6,"column":16}},"2":{"start":{"line":15,"column":0},"end":{"line":15,"column":16}},"3":{"start":{"line":70,"column":0},"end":{"line":70,"column":16}},"4":{"start":{"line":85,"column":0},"end":{"line":85,"column":16}},"5":{"start":{"line":1,"column":0},"end":{"line":1,"column":46}},"6":{"start":{"line":3,"column":4},"end":{"line":3,"column":51}},"7":{"start":{"line":7,"column":21},"end":{"line":7,"column":31}},"8":{"start":{"line":8,"column":4},"end":{"line":11,"column":5}},"9":{"start":{"line":8,"column":17},"end":{"line":8,"column":36}},"10":{"start":{"line":9,"column":18},"end":{"line":9,"column":53}},"11":{"start":{"line":10,"column":8},"end":{"line":10,"column":64}},"12":{"start":{"line":12,"column":4},"end":{"line":12,"column":20}},"13":{"start":{"line":16,"column":4},"end":{"line":67,"column":5}},"14":{"start":{"line":17,"column":8},"end":{"line":26,"column":9}},"15":{"start":{"line":18,"column":12},"end":{"line":25,"column":14}},"16":{"start":{"line":39,"column":12},"end":{"line":39,"column":18}},"17":{"start":{"line":42,"column":8},"end":{"line":51,"column":9}},"18":{"start":{"line":43,"column":12},"end":{"line":50,"column":14}},"19":{"start":{"line":53,"column":8},"end":{"line":64,"column":10}},"20":{"start":{"line":66,"column":8},"end":{"line":66,"column":61}},"21":{"start":{"line":71,"column":4},"end":{"line":82,"column":5}},"22":{"start":{"line":72,"column":8},"end":{"line":72,"column":45}},"23":{"start":{"line":74,"column":27},"end":{"line":74,"column":91}},"24":{"start":{"line":75,"column":8},"end":{"line":75,"column":62}},"25":{"start":{"line":76,"column":8},"end":{"line":76,"column":92}},"26":{"start":{"line":78,"column":27},"end":{"line":78,"column":57}},"27":{"start":{"line":79,"column":8},"end":{"line":79,"column":81}},"28":{"start":{"line":81,"column":8},"end":{"line":81,"column":66}},"29":{"start":{"line":86,"column":4},"end":{"line":88,"column":5}},"30":{"start":{"line":87,"column":8},"end":{"line":87,"column":119}},"31":{"start":{"line":89,"column":30},"end":{"line":89,"column":35}},"32":{"start":{"line":90,"column":4},"end":{"line":106,"column":5}},"33":{"start":{"line":91,"column":37},"end":{"line":91,"column":58}},"34":{"start":{"line":92,"column":35},"end":{"line":92,"column":56}},"35":{"start":{"line":93,"column":30},"end":{"line":93,"column":56}},"36":{"start":{"line":94,"column":28},"end":{"line":94,"column":52}},"37":{"start":{"line":95,"column":32},"end":{"line":95,"column":115}},"38":{"start":{"line":95,"column":67},"end":{"line":95,"column":111}},"39":{"start":{"line":96,"column":30},"end":{"line":96,"column":111}},"40":{"start":{"line":96,"column":63},"end":{"line":96,"column":107}},"41":{"start":{"line":97,"column":8},"end":{"line":97,"column":null}},"42":{"start":{"line":99,"column":24},"end":{"line":99,"column":72}},"43":{"start":{"line":100,"column":8},"end":{"line":100,"column":69}},"44":{"start":{"line":103,"column":8},"end":{"line":103,"column":94}},"45":{"start":{"line":105,"column":8},"end":{"line":105,"column":26}},"46":{"start":{"line":108,"column":4},"end":{"line":108,"column":55}},"47":{"start":{"line":108,"column":43},"end":{"line":108,"column":55}},"48":{"start":{"line":109,"column":21},"end":{"line":109,"column":54}},"49":{"start":{"line":110,"column":23},"end":{"line":110,"column":55}},"50":{"start":{"line":111,"column":4},"end":{"line":111,"column":36}},"51":{"start":{"line":114,"column":4},"end":{"line":121,"column":5}},"52":{"start":{"line":120,"column":8},"end":{"line":120,"column":20}},"53":{"start":{"line":124,"column":23},"end":{"line":124,"column":41}},"54":{"start":{"line":125,"column":22},"end":{"line":125,"column":44}},"55":{"start":{"line":126,"column":21},"end":{"line":126,"column":39}},"56":{"start":{"line":127,"column":20},"end":{"line":127,"column":42}},"57":{"start":{"line":129,"column":4},"end":{"line":139,"column":5}},"58":{"start":{"line":138,"column":8},"end":{"line":138,"column":20}},"59":{"start":{"line":142,"column":29},"end":{"line":142,"column":31}},"60":{"start":{"line":143,"column":27},"end":{"line":143,"column":29}},"61":{"start":{"line":145,"column":4},"end":{"line":161,"column":5}},"62":{"start":{"line":146,"column":8},"end":{"line":146,"column":null}},"63":{"start":{"line":147,"column":8},"end":{"line":147,"column":null}},"64":{"start":{"line":148,"column":11},"end":{"line":161,"column":5}},"65":{"start":{"line":149,"column":8},"end":{"line":149,"column":63}},"66":{"start":{"line":150,"column":8},"end":{"line":150,"column":66}},"67":{"start":{"line":151,"column":11},"end":{"line":161,"column":5}},"68":{"start":{"line":152,"column":8},"end":{"line":152,"column":33}},"69":{"start":{"line":153,"column":8},"end":{"line":153,"column":31}},"70":{"start":{"line":154,"column":11},"end":{"line":161,"column":5}},"71":{"start":{"line":155,"column":8},"end":{"line":155,"column":33}},"72":{"start":{"line":156,"column":8},"end":{"line":156,"column":31}},"73":{"start":{"line":159,"column":8},"end":{"line":159,"column":32}},"74":{"start":{"line":160,"column":8},"end":{"line":160,"column":54}},"75":{"start":{"line":163,"column":25},"end":{"line":163,"column":54}},"76":{"start":{"line":165,"column":4},"end":{"line":165,"column":45}},"77":{"start":{"line":165,"column":33},"end":{"line":165,"column":45}},"78":{"start":{"line":167,"column":21},"end":{"line":167,"column":36}},"79":{"start":{"line":168,"column":22},"end":{"line":168,"column":43}},"80":{"start":{"line":171,"column":4},"end":{"line":180,"column":5}},"81":{"start":{"line":172,"column":31},"end":{"line":172,"column":67}},"82":{"start":{"line":173,"column":8},"end":{"line":177,"column":9}},"83":{"start":{"line":173,"column":21},"end":{"line":173,"column":22}},"84":{"start":{"line":174,"column":25},"end":{"line":174,"column":42}},"85":{"start":{"line":175,"column":12},"end":{"line":175,"column":56}},"86":{"start":{"line":175,"column":44},"end":{"line":175,"column":56}},"87":{"start":{"line":176,"column":12},"end":{"line":176,"column":56}},"88":{"start":{"line":176,"column":44},"end":{"line":176,"column":56}},"89":{"start":{"line":179,"column":8},"end":{"line":179,"column":45}},"90":{"start":{"line":182,"column":23},"end":{"line":182,"column":77}},"91":{"start":{"line":183,"column":4},"end":{"line":183,"column":22}}},"fnMap":{"0":{"name":"isObject","decl":{"start":{"line":2,"column":16},"end":{"line":2,"column":24}},"loc":{"start":{"line":2,"column":33},"end":{"line":4,"column":1}}},"1":{"name":"shuffleArray","decl":{"start":{"line":6,"column":16},"end":{"line":6,"column":28}},"loc":{"start":{"line":6,"column":42},"end":{"line":13,"column":1}}},"2":{"name":"validateConfig","decl":{"start":{"line":15,"column":16},"end":{"line":15,"column":30}},"loc":{"start":{"line":15,"column":61},"end":{"line":68,"column":1}}},"3":{"name":"calculateColumnLength","decl":{"start":{"line":70,"column":16},"end":{"line":70,"column":37}},"loc":{"start":{"line":70,"column":89},"end":{"line":83,"column":1}}},"4":{"name":"normalizeNumber","decl":{"start":{"line":85,"column":16},"end":{"line":85,"column":31}},"loc":{"start":{"line":85,"column":117},"end":{"line":184,"column":1}}},"5":{"name":"(anonymous_5)","decl":{"start":{"line":95,"column":60},"end":{"line":95,"column":63}},"loc":{"start":{"line":95,"column":67},"end":{"line":95,"column":111}}},"6":{"name":"(anonymous_6)","decl":{"start":{"line":96,"column":56},"end":{"line":96,"column":59}},"loc":{"start":{"line":96,"column":63},"end":{"line":96,"column":107}}}},"branchMap":{"0":{"loc":{"start":{"line":3,"column":11},"end":{"line":3,"column":50}},"type":"binary-expr","locations":[{"start":{"line":3,"column":11},"end":{"line":3,"column":23}},{"start":{"line":3,"column":27},"end":{"line":3,"column":50}}]},"1":{"loc":{"start":{"line":17,"column":8},"end":{"line":26,"column":9}},"type":"if","locations":[{"start":{"line":17,"column":8},"end":{"line":26,"column":9}}]},"2":{"loc":{"start":{"line":30,"column":12},"end":{"line":30,"column":52}},"type":"default-arg","locations":[{"start":{"line":30,"column":29},"end":{"line":30,"column":52}}]},"3":{"loc":{"start":{"line":31,"column":12},"end":{"line":31,"column":66}},"type":"default-arg","locations":[{"start":{"line":31,"column":36},"end":{"line":31,"column":66}}]},"4":{"loc":{"start":{"line":32,"column":12},"end":{"line":32,"column":62}},"type":"default-arg","locations":[{"start":{"line":32,"column":34},"end":{"line":32,"column":62}}]},"5":{"loc":{"start":{"line":33,"column":12},"end":{"line":33,"column":50}},"type":"default-arg","locations":[{"start":{"line":33,"column":28},"end":{"line":33,"column":50}}]},"6":{"loc":{"start":{"line":34,"column":12},"end":{"line":34,"column":38}},"type":"default-arg","locations":[{"start":{"line":34,"column":22},"end":{"line":34,"column":38}}]},"7":{"loc":{"start":{"line":35,"column":12},"end":{"line":35,"column":50}},"type":"default-arg","locations":[{"start":{"line":35,"column":28},"end":{"line":35,"column":50}}]},"8":{"loc":{"start":{"line":36,"column":12},"end":{"line":36,"column":38}},"type":"default-arg","locations":[{"start":{"line":36,"column":22},"end":{"line":36,"column":38}}]},"9":{"loc":{"start":{"line":37,"column":12},"end":{"line":37,"column":40}},"type":"default-arg","locations":[{"start":{"line":37,"column":23},"end":{"line":37,"column":40}}]},"10":{"loc":{"start":{"line":38,"column":12},"end":{"line":38,"column":56}},"type":"default-arg","locations":[{"start":{"line":38,"column":31},"end":{"line":38,"column":56}}]},"11":{"loc":{"start":{"line":42,"column":8},"end":{"line":51,"column":9}},"type":"if","locations":[{"start":{"line":42,"column":8},"end":{"line":51,"column":9}}]},"12":{"loc":{"start":{"line":42,"column":12},"end":{"line":42,"column":84}},"type":"binary-expr","locations":[{"start":{"line":42,"column":12},"end":{"line":42,"column":19}},{"start":{"line":42,"column":23},"end":{"line":42,"column":30}},{"start":{"line":42,"column":34},"end":{"line":42,"column":84}}]},"13":{"loc":{"start":{"line":71,"column":4},"end":{"line":82,"column":5}},"type":"if","locations":[{"start":{"line":71,"column":4},"end":{"line":82,"column":5}},{"start":{"line":80,"column":11},"end":{"line":82,"column":5}}]},"14":{"loc":{"start":{"line":72,"column":25},"end":{"line":72,"column":44}},"type":"binary-expr","locations":[{"start":{"line":72,"column":25},"end":{"line":72,"column":39}},{"start":{"line":72,"column":43},"end":{"line":72,"column":44}}]},"15":{"loc":{"start":{"line":74,"column":27},"end":{"line":74,"column":91}},"type":"cond-expr","locations":[{"start":{"line":74,"column":53},"end":{"line":74,"column":87}},{"start":{"line":74,"column":90},"end":{"line":74,"column":91}}]},"16":{"loc":{"start":{"line":76,"column":50},"end":{"line":76,"column":90}},"type":"binary-expr","locations":[{"start":{"line":76,"column":50},"end":{"line":76,"column":84}},{"start":{"line":76,"column":88},"end":{"line":76,"column":90}}]},"17":{"loc":{"start":{"line":86,"column":4},"end":{"line":88,"column":5}},"type":"if","locations":[{"start":{"line":86,"column":4},"end":{"line":88,"column":5}}]},"18":{"loc":{"start":{"line":86,"column":8},"end":{"line":86,"column":126}},"type":"binary-expr","locations":[{"start":{"line":86,"column":9},"end":{"line":86,"column":35}},{"start":{"line":86,"column":39},"end":{"line":86,"column":64}},{"start":{"line":86,"column":70},"end":{"line":86,"column":97}},{"start":{"line":86,"column":101},"end":{"line":86,"column":125}}]},"19":{"loc":{"start":{"line":90,"column":4},"end":{"line":106,"column":5}},"type":"if","locations":[{"start":{"line":90,"column":4},"end":{"line":106,"column":5}}]},"20":{"loc":{"start":{"line":90,"column":7},"end":{"line":90,"column":61}},"type":"binary-expr","locations":[{"start":{"line":90,"column":7},"end":{"line":90,"column":33}},{"start":{"line":90,"column":37},"end":{"line":90,"column":61}}]},"21":{"loc":{"start":{"line":95,"column":67},"end":{"line":95,"column":111}},"type":"binary-expr","locations":[{"start":{"line":95,"column":67},"end":{"line":95,"column":88}},{"start":{"line":95,"column":92},"end":{"line":95,"column":111}}]},"22":{"loc":{"start":{"line":96,"column":63},"end":{"line":96,"column":107}},"type":"binary-expr","locations":[{"start":{"line":96,"column":63},"end":{"line":96,"column":84}},{"start":{"line":96,"column":88},"end":{"line":96,"column":107}}]},"23":{"loc":{"start":{"line":108,"column":4},"end":{"line":108,"column":55}},"type":"if","locations":[{"start":{"line":108,"column":4},"end":{"line":108,"column":55}}]},"24":{"loc":{"start":{"line":108,"column":8},"end":{"line":108,"column":41}},"type":"binary-expr","locations":[{"start":{"line":108,"column":8},"end":{"line":108,"column":14}},{"start":{"line":108,"column":18},"end":{"line":108,"column":41}}]},"25":{"loc":{"start":{"line":109,"column":22},"end":{"line":109,"column":46}},"type":"binary-expr","locations":[{"start":{"line":109,"column":22},"end":{"line":109,"column":40}},{"start":{"line":109,"column":44},"end":{"line":109,"column":46}}]},"26":{"loc":{"start":{"line":110,"column":24},"end":{"line":110,"column":47}},"type":"binary-expr","locations":[{"start":{"line":110,"column":24},"end":{"line":110,"column":41}},{"start":{"line":110,"column":45},"end":{"line":110,"column":47}}]},"27":{"loc":{"start":{"line":114,"column":4},"end":{"line":121,"column":5}},"type":"if","locations":[{"start":{"line":114,"column":4},"end":{"line":121,"column":5}}]},"28":{"loc":{"start":{"line":115,"column":8},"end":{"line":118,"column":34}},"type":"binary-expr","locations":[{"start":{"line":115,"column":8},"end":{"line":115,"column":25}},{"start":{"line":116,"column":9},"end":{"line":116,"column":21}},{"start":{"line":116,"column":25},"end":{"line":116,"column":39}},{"start":{"line":117,"column":8},"end":{"line":117,"column":28}},{"start":{"line":117,"column":32},"end":{"line":117,"column":52}},{"start":{"line":118,"column":8},"end":{"line":118,"column":34}}]},"29":{"loc":{"start":{"line":129,"column":4},"end":{"line":139,"column":5}},"type":"if","locations":[{"start":{"line":129,"column":4},"end":{"line":139,"column":5}}]},"30":{"loc":{"start":{"line":129,"column":8},"end":{"line":135,"column":null}},"type":"binary-expr","locations":[{"start":{"line":129,"column":8},"end":{"line":129,"column":25}},{"start":{"line":129,"column":29},"end":{"line":129,"column":44}},{"start":{"line":131,"column":13},"end":{"line":131,"column":34}},{"start":{"line":131,"column":38},"end":{"line":131,"column":50}},{"start":{"line":132,"column":13},"end":{"line":132,"column":34}},{"start":{"line":132,"column":38},"end":{"line":132,"column":52}},{"start":{"line":133,"column":13},"end":{"line":133,"column":34}},{"start":{"line":133,"column":38},"end":{"line":133,"column":58}},{"start":{"line":134,"column":13},"end":{"line":134,"column":34}},{"start":{"line":134,"column":38},"end":{"line":134,"column":58}}]},"31":{"loc":{"start":{"line":145,"column":4},"end":{"line":161,"column":5}},"type":"if","locations":[{"start":{"line":145,"column":4},"end":{"line":161,"column":5}},{"start":{"line":148,"column":11},"end":{"line":161,"column":5}}]},"32":{"loc":{"start":{"line":148,"column":11},"end":{"line":161,"column":5}},"type":"if","locations":[{"start":{"line":148,"column":11},"end":{"line":161,"column":5}},{"start":{"line":151,"column":11},"end":{"line":161,"column":5}}]},"33":{"loc":{"start":{"line":148,"column":15},"end":{"line":148,"column":49}},"type":"binary-expr","locations":[{"start":{"line":148,"column":15},"end":{"line":148,"column":29}},{"start":{"line":148,"column":33},"end":{"line":148,"column":49}}]},"34":{"loc":{"start":{"line":149,"column":29},"end":{"line":149,"column":62}},"type":"cond-expr","locations":[{"start":{"line":149,"column":53},"end":{"line":149,"column":56}},{"start":{"line":149,"column":59},"end":{"line":149,"column":62}}]},"35":{"loc":{"start":{"line":150,"column":27},"end":{"line":150,"column":65}},"type":"cond-expr","locations":[{"start":{"line":150,"column":56},"end":{"line":150,"column":59}},{"start":{"line":150,"column":62},"end":{"line":150,"column":65}}]},"36":{"loc":{"start":{"line":151,"column":11},"end":{"line":161,"column":5}},"type":"if","locations":[{"start":{"line":151,"column":11},"end":{"line":161,"column":5}},{"start":{"line":154,"column":11},"end":{"line":161,"column":5}}]},"37":{"loc":{"start":{"line":154,"column":11},"end":{"line":161,"column":5}},"type":"if","locations":[{"start":{"line":154,"column":11},"end":{"line":161,"column":5}},{"start":{"line":157,"column":11},"end":{"line":161,"column":5}}]},"38":{"loc":{"start":{"line":160,"column":27},"end":{"line":160,"column":53}},"type":"cond-expr","locations":[{"start":{"line":160,"column":44},"end":{"line":160,"column":47}},{"start":{"line":160,"column":50},"end":{"line":160,"column":53}}]},"39":{"loc":{"start":{"line":165,"column":4},"end":{"line":165,"column":45}},"type":"if","locations":[{"start":{"line":165,"column":4},"end":{"line":165,"column":45}}]},"40":{"loc":{"start":{"line":168,"column":22},"end":{"line":168,"column":43}},"type":"binary-expr","locations":[{"start":{"line":168,"column":22},"end":{"line":168,"column":37}},{"start":{"line":168,"column":41},"end":{"line":168,"column":43}}]},"41":{"loc":{"start":{"line":171,"column":4},"end":{"line":180,"column":5}},"type":"if","locations":[{"start":{"line":171,"column":4},"end":{"line":180,"column":5}}]},"42":{"loc":{"start":{"line":175,"column":12},"end":{"line":175,"column":56}},"type":"if","locations":[{"start":{"line":175,"column":12},"end":{"line":175,"column":56}}]},"43":{"loc":{"start":{"line":175,"column":16},"end":{"line":175,"column":42}},"type":"binary-expr","locations":[{"start":{"line":175,"column":16},"end":{"line":175,"column":23}},{"start":{"line":175,"column":27},"end":{"line":175,"column":42}}]},"44":{"loc":{"start":{"line":176,"column":12},"end":{"line":176,"column":56}},"type":"if","locations":[{"start":{"line":176,"column":12},"end":{"line":176,"column":56}}]},"45":{"loc":{"start":{"line":176,"column":16},"end":{"line":176,"column":42}},"type":"binary-expr","locations":[{"start":{"line":176,"column":16},"end":{"line":176,"column":21}},{"start":{"line":176,"column":25},"end":{"line":176,"column":42}}]},"46":{"loc":{"start":{"line":182,"column":39},"end":{"line":182,"column":75}},"type":"cond-expr","locations":[{"start":{"line":182,"column":53},"end":{"line":182,"column":70}},{"start":{"line":182,"column":73},"end":{"line":182,"column":75}}]}},"s":{"0":1,"1":1,"2":1,"3":1,"4":1,"5":1,"6":0,"7":0,"8":0,"9":0,"10":0,"11":0,"12":0,"13":0,"14":0,"15":0,"16":0,"17":0,"18":0,"19":0,"20":0,"21":0,"22":0,"23":0,"24":0,"25":0,"26":0,"27":0,"28":0,"29":38,"30":1,"31":37,"32":37,"33":6,"34":6,"35":6,"36":6,"37":6,"38":18,"39":6,"40":18,"41":6,"42":6,"43":6,"44":6,"45":6,"46":37,"47":3,"48":34,"49":34,"50":34,"51":34,"52":6,"53":28,"54":28,"55":28,"56":28,"57":28,"58":2,"59":26,"60":26,"61":26,"62":6,"63":6,"64":20,"65":6,"66":6,"67":14,"68":4,"69":4,"70":10,"71":4,"72":4,"73":6,"74":6,"75":26,"76":26,"77":0,"78":26,"79":26,"80":26,"81":20,"82":20,"83":20,"84":56,"85":56,"86":0,"87":56,"88":2,"89":18,"90":24,"91":24},"f":{"0":0,"1":0,"2":0,"3":0,"4":38,"5":18,"6":18},"b":{"0":[0,0],"1":[0],"2":[0],"3":[0],"4":[0],"5":[0],"6":[0],"7":[0],"8":[0],"9":[0],"10":[0],"11":[0],"12":[0,0,0],"13":[0,0],"14":[0,0],"15":[0,0],"16":[0,0],"17":[1],"18":[38,7,37,31],"19":[6],"20":[37,6],"21":[18,16],"22":[18,17],"23":[3],"24":[37,36],"25":[34,11],"26":[34,10],"27":[6],"28":[34,32,8,32,32,32],"29":[2],"30":[28,21,15,9,14,6,14,8,14,6],"31":[6,20],"32":[6,14],"33":[20,10],"34":[3,3],"35":[3,3],"36":[4,10],"37":[4,6],"38":[2,4],"39":[0],"40":[26,8],"41":[20],"42":[0],"43":[56,20],"44":[2],"45":[56,36],"46":[16,8]}}
}
