TN:
SF:src\config\defaults.ts
FNF:0
FNH:0
DA:1,1
LF:1
LH:1
BRF:0
BRH:0
end_of_record
TN:
SF:src\helpers\utilities.ts
FN:2,isObject
FN:6,shuffleArray
FN:15,validateConfig
FN:70,calculateColumnLength
FN:85,normalizeNumber
FN:95,(anonymous_5)
FN:96,(anonymous_6)
FNF:7
FNH:3
FNDA:0,isObject
FNDA:0,shuffleArray
FNDA:0,validateConfig
FNDA:0,calculateColumnLength
FNDA:41,normalizeNumber
FNDA:18,(anonymous_5)
FNDA:18,(anonymous_6)
DA:1,1
DA:2,1
DA:3,0
DA:6,1
DA:7,0
DA:8,0
DA:9,0
DA:10,0
DA:12,0
DA:15,1
DA:16,0
DA:17,0
DA:18,0
DA:39,0
DA:42,0
DA:43,0
DA:53,0
DA:66,0
DA:70,1
DA:71,0
DA:72,0
DA:74,0
DA:75,0
DA:76,0
DA:78,0
DA:79,0
DA:81,0
DA:85,1
DA:86,41
DA:87,1
DA:89,40
DA:90,40
DA:91,6
DA:92,6
DA:93,6
DA:94,6
DA:95,18
DA:96,18
DA:97,6
DA:99,6
DA:100,6
DA:103,6
DA:105,6
DA:109,40
DA:111,40
DA:112,40
DA:114,40
DA:116,37
DA:117,37
DA:118,37
DA:121,37
DA:127,6
DA:131,31
DA:132,31
DA:133,31
DA:134,31
DA:136,31
DA:145,2
DA:149,29
DA:150,29
DA:152,29
DA:153,6
DA:154,6
DA:155,23
DA:156,6
DA:157,6
DA:158,17
DA:159,4
DA:160,4
DA:161,13
DA:162,4
DA:163,4
DA:166,9
DA:167,9
DA:170,29
DA:172,29
DA:174,29
DA:175,29
DA:178,29
DA:179,20
DA:180,20
DA:181,56
DA:182,56
DA:183,56
DA:186,18
DA:189,27
DA:190,27
LF:87
LH:65
BRDA:3,0,0,0
BRDA:3,0,1,0
BRDA:17,1,0,0
BRDA:30,2,0,0
BRDA:31,3,0,0
BRDA:32,4,0,0
BRDA:33,5,0,0
BRDA:34,6,0,0
BRDA:35,7,0,0
BRDA:36,8,0,0
BRDA:37,9,0,0
BRDA:38,10,0,0
BRDA:42,11,0,0
BRDA:42,12,0,0
BRDA:42,12,1,0
BRDA:42,12,2,0
BRDA:71,13,0,0
BRDA:71,13,1,0
BRDA:72,14,0,0
BRDA:72,14,1,0
BRDA:74,15,0,0
BRDA:74,15,1,0
BRDA:76,16,0,0
BRDA:76,16,1,0
BRDA:86,17,0,1
BRDA:86,18,0,41
BRDA:86,18,1,7
BRDA:86,18,2,40
BRDA:86,18,3,34
BRDA:90,19,0,6
BRDA:90,20,0,40
BRDA:90,20,1,6
BRDA:95,21,0,18
BRDA:95,21,1,16
BRDA:96,22,0,18
BRDA:96,22,1,17
BRDA:109,23,0,0
BRDA:109,24,0,40
BRDA:109,24,1,2
BRDA:112,25,0,2
BRDA:114,26,0,3
BRDA:114,27,0,40
BRDA:114,27,1,39
BRDA:116,28,0,37
BRDA:116,28,1,12
BRDA:117,29,0,37
BRDA:117,29,1,13
BRDA:121,30,0,6
BRDA:122,31,0,37
BRDA:122,31,1,35
BRDA:122,31,2,8
BRDA:122,31,3,35
BRDA:122,31,4,35
BRDA:122,31,5,35
BRDA:136,32,0,2
BRDA:136,33,0,31
BRDA:136,33,1,21
BRDA:136,33,2,15
BRDA:136,33,3,9
BRDA:136,33,4,14
BRDA:136,33,5,6
BRDA:136,33,6,14
BRDA:136,33,7,8
BRDA:136,33,8,14
BRDA:136,33,9,6
BRDA:152,34,0,6
BRDA:152,34,1,23
BRDA:155,35,0,6
BRDA:155,35,1,17
BRDA:155,36,0,23
BRDA:155,36,1,12
BRDA:156,37,0,3
BRDA:156,37,1,3
BRDA:157,38,0,3
BRDA:157,38,1,3
BRDA:158,39,0,4
BRDA:158,39,1,13
BRDA:161,40,0,4
BRDA:161,40,1,9
BRDA:167,41,0,4
BRDA:167,41,1,5
BRDA:172,42,0,0
BRDA:175,43,0,29
BRDA:175,43,1,9
BRDA:178,44,0,20
BRDA:182,45,0,0
BRDA:182,46,0,56
BRDA:182,46,1,20
BRDA:183,47,0,2
BRDA:183,48,0,56
BRDA:183,48,1,36
BRDA:189,49,0,2
BRDA:189,49,1,25
BRDA:189,50,0,18
BRDA:189,50,1,9
BRF:95
BRH:68
end_of_record
