TN:
SF:src\config\defaults.ts
FNF:0
FNH:0
DA:1,1
LF:1
LH:1
BRF:0
BRH:0
end_of_record
TN:
SF:src\helpers\groupings.ts
FNF:0
FNH:0
DA:1,1
LF:1
LH:1
BRF:0
BRH:0
end_of_record
TN:
SF:src\helpers\regex.ts
FNF:0
FNH:0
DA:2,1
DA:5,1
DA:8,1
DA:11,1
DA:16,1
DA:21,1
DA:26,1
DA:29,1
DA:32,1
DA:34,1
LF:10
LH:10
BRF:0
BRH:0
end_of_record
TN:
SF:src\helpers\types.ts
FN:6,predictType
FN:116,collateTypes
FN:199,updateColumnType
FNF:3
FNH:1
FNDA:50,predictType
FNDA:0,collateTypes
FNDA:0,updateColumnType
DA:1,1
DA:2,1
DA:3,1
DA:6,1
DA:7,50
DA:8,50
DA:9,2
DA:11,48
DA:12,48
DA:13,48
DA:14,48
DA:15,2
DA:16,46
DA:17,46
DA:19,0
DA:21,48
DA:22,48
DA:23,25
DA:27,48
DA:28,22
DA:29,22
DA:30,0
DA:31,0
DA:35,48
DA:36,6
DA:37,42
DA:38,3
DA:39,39
DA:40,11
DA:41,28
DA:42,6
DA:43,22
DA:44,1
DA:45,21
DA:46,9
DA:47,12
DA:48,3
DA:49,9
DA:50,1
DA:51,8
DA:52,1
DA:53,7
DA:54,3
DA:56,4
DA:60,48
DA:61,11
DA:64,11
DA:65,8
DA:66,2
DA:67,6
DA:68,2
DA:69,4
DA:70,4
DA:71,0
DA:72,0
DA:76,3
DA:77,3
DA:78,3
DA:79,2
DA:81,1
DA:84,0
DA:90,48
DA:91,8
DA:92,8
DA:93,8
DA:94,0
DA:95,0
DA:96,0
DA:97,0
DA:98,0
DA:99,0
DA:101,0
DA:106,40
DA:107,0
DA:110,40
DA:112,0
DA:116,1
DA:117,0
DA:118,0
DA:119,0
DA:122,0
DA:123,0
DA:126,0
DA:128,0
DA:129,0
DA:132,0
DA:133,0
DA:134,0
DA:135,0
DA:136,0
DA:138,0
DA:139,0
DA:140,0
DA:141,0
DA:142,0
DA:144,0
DA:147,0
DA:148,0
DA:149,0
DA:150,0
DA:151,0
DA:152,0
DA:153,0
DA:154,0
DA:155,0
DA:156,0
DA:157,0
DA:158,0
DA:161,0
DA:162,0
DA:165,0
DA:169,0
DA:170,0
DA:171,0
DA:172,0
DA:173,0
DA:176,0
DA:177,0
DA:178,0
DA:179,0
DA:182,0
DA:183,0
DA:184,0
DA:185,0
DA:188,0
DA:189,0
DA:193,0
DA:195,0
DA:199,1
DA:200,0
DA:201,0
DA:202,0
DA:203,0
DA:206,0
DA:207,0
LF:135
LH:63
BRDA:8,0,0,2
BRDA:8,1,0,50
BRDA:8,1,1,49
BRDA:14,2,0,2
BRDA:14,2,1,46
BRDA:14,3,0,48
BRDA:14,3,1,2
BRDA:16,4,0,46
BRDA:16,4,1,0
BRDA:27,5,0,22
BRDA:27,6,0,48
BRDA:27,6,1,32
BRDA:29,7,0,0
BRDA:35,8,0,6
BRDA:35,8,1,42
BRDA:37,9,0,3
BRDA:37,9,1,39
BRDA:39,10,0,11
BRDA:39,10,1,28
BRDA:41,11,0,6
BRDA:41,11,1,22
BRDA:43,12,0,1
BRDA:43,12,1,21
BRDA:45,13,0,9
BRDA:45,13,1,12
BRDA:47,14,0,3
BRDA:47,14,1,9
BRDA:49,15,0,1
BRDA:49,15,1,8
BRDA:51,16,0,1
BRDA:51,16,1,7
BRDA:53,17,0,3
BRDA:53,17,1,4
BRDA:60,18,0,11
BRDA:64,19,0,8
BRDA:64,19,1,3
BRDA:64,20,0,11
BRDA:64,20,1,11
BRDA:65,21,0,2
BRDA:65,21,1,6
BRDA:65,22,0,8
BRDA:65,22,1,4
BRDA:67,23,0,2
BRDA:67,23,1,4
BRDA:67,24,0,6
BRDA:67,24,1,3
BRDA:69,25,0,4
BRDA:69,25,1,0
BRDA:69,26,0,4
BRDA:69,26,1,4
BRDA:71,27,0,0
BRDA:71,28,0,0
BRDA:71,28,1,0
BRDA:78,29,0,2
BRDA:78,29,1,1
BRDA:78,30,0,3
BRDA:78,30,1,2
BRDA:90,31,0,8
BRDA:90,32,0,48
BRDA:90,32,1,45
BRDA:92,33,0,8
BRDA:92,33,1,0
BRDA:94,34,0,0
BRDA:94,34,1,0
BRDA:96,35,0,0
BRDA:96,35,1,0
BRDA:98,36,0,0
BRDA:98,36,1,0
BRDA:106,37,0,0
BRDA:106,38,0,40
BRDA:106,38,1,5
BRDA:118,39,0,0
BRDA:118,40,0,0
BRDA:118,40,1,0
BRDA:122,41,0,0
BRDA:123,42,0,0
BRDA:126,43,0,0
BRDA:132,44,0,0
BRDA:132,44,1,0
BRDA:133,45,0,0
BRDA:133,45,1,0
BRDA:134,46,0,0
BRDA:134,46,1,0
BRDA:135,47,0,0
BRDA:135,47,1,0
BRDA:136,48,0,0
BRDA:138,49,0,0
BRDA:138,49,1,0
BRDA:139,50,0,0
BRDA:139,50,1,0
BRDA:140,51,0,0
BRDA:140,51,1,0
BRDA:141,52,0,0
BRDA:141,52,1,0
BRDA:142,53,0,0
BRDA:147,54,0,0
BRDA:148,55,0,0
BRDA:148,55,1,0
BRDA:148,56,0,0
BRDA:148,56,1,0
BRDA:148,56,2,0
BRDA:148,56,3,0
BRDA:150,57,0,0
BRDA:150,57,1,0
BRDA:150,58,0,0
BRDA:150,58,1,0
BRDA:150,58,2,0
BRDA:150,58,3,0
BRDA:152,59,0,0
BRDA:152,59,1,0
BRDA:152,60,0,0
BRDA:152,60,1,0
BRDA:152,60,2,0
BRDA:152,60,3,0
BRDA:154,61,0,0
BRDA:154,61,1,0
BRDA:154,62,0,0
BRDA:154,62,1,0
BRDA:156,63,0,0
BRDA:156,64,0,0
BRDA:156,64,1,0
BRDA:161,65,0,0
BRDA:161,66,0,0
BRDA:161,66,1,0
BRDA:165,67,0,0
BRDA:165,67,1,0
BRDA:169,68,0,0
BRDA:170,69,0,0
BRDA:170,69,1,0
BRDA:172,70,0,0
BRDA:172,71,0,0
BRDA:172,71,1,0
BRDA:176,72,0,0
BRDA:176,72,1,0
BRDA:178,73,0,0
BRDA:178,74,0,0
BRDA:178,74,1,0
BRDA:182,75,0,0
BRDA:182,75,1,0
BRDA:184,76,0,0
BRDA:184,77,0,0
BRDA:184,77,1,0
BRDA:188,78,0,0
BRDA:201,79,0,0
BRDA:206,80,0,0
BRF:145
BRH:57
end_of_record
TN:
SF:src\helpers\utilities.ts
FN:2,isObject
FN:6,shuffleArray
FN:15,validateConfig
FN:70,calculateColumnLength
FN:85,normalizeNumber
FN:95,(anonymous_5)
FN:96,(anonymous_6)
FNF:7
FNH:1
FNDA:0,isObject
FNDA:0,shuffleArray
FNDA:0,validateConfig
FNDA:0,calculateColumnLength
FNDA:22,normalizeNumber
FNDA:0,(anonymous_5)
FNDA:0,(anonymous_6)
DA:1,1
DA:2,1
DA:3,0
DA:6,1
DA:7,0
DA:8,0
DA:9,0
DA:10,0
DA:12,0
DA:15,1
DA:16,0
DA:17,0
DA:18,0
DA:39,0
DA:42,0
DA:43,0
DA:53,0
DA:66,0
DA:70,1
DA:71,0
DA:72,0
DA:74,0
DA:75,0
DA:76,0
DA:78,0
DA:79,0
DA:81,0
DA:85,1
DA:86,22
DA:87,0
DA:89,22
DA:90,22
DA:91,0
DA:92,0
DA:93,0
DA:94,0
DA:95,0
DA:96,0
DA:97,0
DA:99,0
DA:100,0
DA:103,0
DA:105,0
DA:109,22
DA:111,22
DA:112,22
DA:114,22
DA:116,22
DA:117,22
DA:118,22
DA:121,22
DA:127,0
DA:131,22
DA:132,22
DA:133,22
DA:134,22
DA:136,22
DA:145,0
DA:149,22
DA:150,22
DA:152,22
DA:153,0
DA:154,0
DA:155,22
DA:156,0
DA:157,0
DA:158,22
DA:159,3
DA:160,3
DA:161,19
DA:162,3
DA:163,3
DA:166,16
DA:167,16
DA:170,22
DA:172,22
DA:174,22
DA:175,22
DA:178,22
DA:179,6
DA:180,6
DA:181,20
DA:182,20
DA:183,20
DA:186,6
DA:189,22
DA:190,22
LF:87
LH:47
BRDA:3,0,0,0
BRDA:3,0,1,0
BRDA:17,1,0,0
BRDA:30,2,0,0
BRDA:31,3,0,0
BRDA:32,4,0,0
BRDA:33,5,0,0
BRDA:34,6,0,0
BRDA:35,7,0,0
BRDA:36,8,0,0
BRDA:37,9,0,0
BRDA:38,10,0,0
BRDA:42,11,0,0
BRDA:42,12,0,0
BRDA:42,12,1,0
BRDA:42,12,2,0
BRDA:71,13,0,0
BRDA:71,13,1,0
BRDA:72,14,0,0
BRDA:72,14,1,0
BRDA:74,15,0,0
BRDA:74,15,1,0
BRDA:76,16,0,0
BRDA:76,16,1,0
BRDA:86,17,0,0
BRDA:86,18,0,22
BRDA:86,18,1,0
BRDA:86,18,2,22
BRDA:86,18,3,22
BRDA:90,19,0,0
BRDA:90,20,0,22
BRDA:90,20,1,0
BRDA:95,21,0,0
BRDA:95,21,1,0
BRDA:96,22,0,0
BRDA:96,22,1,0
BRDA:109,23,0,0
BRDA:109,24,0,22
BRDA:109,24,1,4
BRDA:112,25,0,4
BRDA:114,26,0,0
BRDA:114,27,0,22
BRDA:114,27,1,22
BRDA:116,28,0,22
BRDA:116,28,1,16
BRDA:117,29,0,22
BRDA:117,29,1,16
BRDA:121,30,0,0
BRDA:122,31,0,22
BRDA:122,31,1,22
BRDA:122,31,2,3
BRDA:122,31,3,22
BRDA:122,31,4,22
BRDA:122,31,5,22
BRDA:136,32,0,0
BRDA:136,33,0,22
BRDA:136,33,1,6
BRDA:136,33,2,4
BRDA:136,33,3,2
BRDA:136,33,4,4
BRDA:136,33,5,2
BRDA:136,33,6,4
BRDA:136,33,7,2
BRDA:136,33,8,4
BRDA:136,33,9,2
BRDA:152,34,0,0
BRDA:152,34,1,22
BRDA:155,35,0,0
BRDA:155,35,1,22
BRDA:155,36,0,22
BRDA:155,36,1,3
BRDA:156,37,0,0
BRDA:156,37,1,0
BRDA:157,38,0,0
BRDA:157,38,1,0
BRDA:158,39,0,3
BRDA:158,39,1,19
BRDA:161,40,0,3
BRDA:161,40,1,16
BRDA:167,41,0,1
BRDA:167,41,1,15
BRDA:172,42,0,0
BRDA:175,43,0,22
BRDA:175,43,1,16
BRDA:178,44,0,6
BRDA:182,45,0,0
BRDA:182,46,0,20
BRDA:182,46,1,6
BRDA:183,47,0,0
BRDA:183,48,0,20
BRDA:183,48,1,14
BRDA:189,49,0,4
BRDA:189,49,1,18
BRDA:189,50,0,6
BRDA:189,50,1,16
BRF:95
BRH:50
end_of_record
